<?xml version="1.0" encoding="UTF-8"?>
<!-- Generated by org.testng.reporters.JUnitReportReporter -->
<testsuite hostname="LAPTOP-FV1112LB" failures="0" tests="1" name="GitHub.PullTest" time="2.435" errors="0" timestamp="2022-08-18T16:06:25 IST" skipped="0">
  <testcase classname="GitHub.PullTest" name="PullTest" time="2.435"/>
  <system-out/>
</testsuite> <!-- GitHub.PullTest -->
